  Microsoft (R) C/C++ Optimizing Compiler Version 19.10.25019 for x64
  Copyright (C) Microsoft Corporation.  All rights reserved.
  
  cl /c /IH:\UsingPCL\build\glfw\install\include /IH:\UsingPCL\build\assimp\install\include /IC:\ProgramData\Anaconda2\Library\include /I"C:\Program Files\Microsoft SDKs\Kinect\v2.0_1409\inc" /IC:\VTK\build\Charts\Core /I"C:\VTK\VTK-8.0.0\Charts\Core" /IC:\VTK\build\Common\Color /I"C:\VTK\VTK-8.0.0\Common\Color" /IC:\VTK\build\Common\Core /I"C:\VTK\VTK-8.0.0\Common\Core" /IC:\VTK\build\Utilities\KWIML /I"C:\VTK\VTK-8.0.0\Utilities\KWIML" /IC:\VTK\build\Utilities\KWSys /I"C:\VTK\VTK-8.0.0\Utilities\KWSys" /IC:\VTK\build\Common\DataModel /I"C:\VTK\VTK-8.0.0\Common\DataModel" /IC:\VTK\build\Common\Math /I"C:\VTK\VTK-8.0.0\Common\Math" /IC:\VTK\build\Common\Misc /I"C:\VTK\VTK-8.0.0\Common\Misc" /IC:\VTK\build\Common\System /I"C:\VTK\VTK-8.0.0\Common\System" /IC:\VTK\build\Common\Transforms /I"C:\VTK\VTK-8.0.0\Common\Transforms" /IC:\VTK\build\Common\ExecutionModel /I"C:\VTK\VTK-8.0.0\Common\ExecutionModel" /IC:\VTK\build\Filters\General /I"C:\VTK\VTK-8.0.0\Filters\General" /IC:\VTK\build\Common\ComputationalGeometry /I"C:\VTK\VTK-8.0.0\Common\ComputationalGeometry" /IC:\VTK\build\Filters\Core /I"C:\VTK\VTK-8.0.0\Filters\Core" /IC:\VTK\build\Infovis\Core /I"C:\VTK\VTK-8.0.0\Infovis\Core" /IC:\VTK\build\Filters\Extraction /I"C:\VTK\VTK-8.0.0\Filters\Extraction" /IC:\VTK\build\Filters\Statistics /I"C:\VTK\VTK-8.0.0\Filters\Statistics" /IC:\VTK\build\Imaging\Fourier /I"C:\VTK\VTK-8.0.0\Imaging\Fourier" /IC:\VTK\build\Imaging\Core /I"C:\VTK\VTK-8.0.0\Imaging\Core" /IC:\VTK\build\ThirdParty\alglib /I"C:\VTK\VTK-8.0.0\ThirdParty\alglib" /IC:\VTK\build\Rendering\Context2D /I"C:\VTK\VTK-8.0.0\Rendering\Context2D" /IC:\VTK\build\Rendering\Core /I"C:\VTK\VTK-8.0.0\Rendering\Core" /IC:\VTK\build\Filters\Geometry /I"C:\VTK\VTK-8.0.0\Filters\Geometry" /IC:\VTK\build\Filters\Sources /I"C:\VTK\VTK-8.0.0\Filters\Sources" /IC:\VTK\build\Rendering\FreeType /I"C:\VTK\VTK-8.0.0\Rendering\FreeType" /IC:\VTK\build\ThirdParty\freetype /I"C:\VTK\VTK-8.0.0\ThirdParty\freetype" /IC:\VTK\build\ThirdParty\zlib /I"C:\VTK\VTK-8.0.0\ThirdParty\zlib" /IC:\VTK\build\Utilities\DICOMParser /I"C:\VTK\VTK-8.0.0\Utilities\DICOMParser" /IC:\VTK\build\Domains\Chemistry /I"C:\VTK\VTK-8.0.0\Domains\Chemistry" /IC:\VTK\build\IO\Legacy /I"C:\VTK\VTK-8.0.0\IO\Legacy" /IC:\VTK\build\IO\Core /I"C:\VTK\VTK-8.0.0\IO\Core" /I"C:\VTK\VTK-8.0.0\ThirdParty\lz4\vtklz4\lib" /IC:\VTK\build\ThirdParty\lz4\vtklz4 /IC:\VTK\build\ThirdParty\lz4 /I"C:\VTK\VTK-8.0.0\ThirdParty\lz4" /IC:\VTK\build\IO\XMLParser /I"C:\VTK\VTK-8.0.0\IO\XMLParser" /IC:\VTK\build\ThirdParty\expat /I"C:\VTK\VTK-8.0.0\ThirdParty\expat" /IC:\VTK\build\Domains\ChemistryOpenGL2 /I"C:\VTK\VTK-8.0.0\Domains\ChemistryOpenGL2" /IC:\VTK\build\Rendering\OpenGL2 /I"C:\VTK\VTK-8.0.0\Rendering\OpenGL2" /IC:\VTK\build\Utilities\EncodeString /I"C:\VTK\VTK-8.0.0\Utilities\EncodeString" /IC:\VTK\build\ThirdParty\glew /I"C:\VTK\VTK-8.0.0\ThirdParty\glew" /IC:\VTK\build\Filters\AMR /I"C:\VTK\VTK-8.0.0\Filters\AMR" /IC:\VTK\build\IO\XML /I"C:\VTK\VTK-8.0.0\IO\XML" /IC:\VTK\build\Parallel\Core /I"C:\VTK\VTK-8.0.0\Parallel\Core" /IC:\VTK\build\Utilities\HashSource /I"C:\VTK\VTK-8.0.0\Utilities\HashSource" /IC:\VTK\build\Filters\FlowPaths /I"C:\VTK\VTK-8.0.0\Filters\FlowPaths" /IC:\VTK\build\Filters\Generic /I"C:\VTK\VTK-8.0.0\Filters\Generic" /IC:\VTK\build\Filters\Hybrid /I"C:\VTK\VTK-8.0.0\Filters\Hybrid" /IC:\VTK\build\Imaging\Sources /I"C:\VTK\VTK-8.0.0\Imaging\Sources" /IC:\VTK\build\Filters\HyperTree /I"C:\VTK\VTK-8.0.0\Filters\HyperTree" /IC:\VTK\build\Filters\Imaging /I"C:\VTK\VTK-8.0.0\Filters\Imaging" /IC:\VTK\build\Imaging\General /I"C:\VTK\VTK-8.0.0\Imaging\General" /IC:\VTK\build\Filters\Modeling /I"C:\VTK\VTK-8.0.0\Filters\Modeling" /IC:\VTK\build\Filters\Parallel /I"C:\VTK\VTK-8.0.0\Filters\Parallel" /IC:\VTK\build\Filters\ParallelImaging /I"C:\VTK\VTK-8.0.0\Filters\ParallelImaging" /IC:\VTK\build\Filters\Points /I"C:\VTK\VTK-8.0.0\Filters\Points" /IC:\VTK\build\Filters\Programmable /I"C:\VTK\VTK-8.0.0\Filters\Programmable" /IC:\VTK\build\Filters\SMP /I"C:\VTK\VTK-8.0.0\Filters\SMP" /IC:\VTK\build\Filters\Selection /I"C:\VTK\VTK-8.0.0\Filters\Selection" /IC:\VTK\build\Filters\Texture /I"C:\VTK\VTK-8.0.0\Filters\Texture" /IC:\VTK\build\Filters\Topology /I"C:\VTK\VTK-8.0.0\Filters\Topology" /IC:\VTK\build\Filters\Verdict /I"C:\VTK\VTK-8.0.0\Filters\Verdict" /IC:\VTK\build\ThirdParty\verdict /I"C:\VTK\VTK-8.0.0\ThirdParty\verdict" /IC:\VTK\build\Geovis\Core /I"C:\VTK\VTK-8.0.0\Geovis\Core" /IC:\VTK\build\IO\Image /I"C:\VTK\VTK-8.0.0\IO\Image" /IC:\VTK\build\Utilities\MetaIO\vtkmetaio /IC:\VTK\build\Utilities\MetaIO /I"C:\VTK\VTK-8.0.0\Utilities\MetaIO" /IC:\VTK\build\ThirdParty\jpeg /I"C:\VTK\VTK-8.0.0\ThirdParty\jpeg" /IC:\VTK\build\ThirdParty\png /I"C:\VTK\VTK-8.0.0\ThirdParty\png" /IC:\VTK\build\ThirdParty\tiff\vtktiff\libtiff /IC:\VTK\build\ThirdParty\tiff /I"C:\VTK\VTK-8.0.0\ThirdParty\tiff" /IC:\VTK\build\Infovis\Layout /I"C:\VTK\VTK-8.0.0\Infovis\Layout" /IC:\VTK\build\Imaging\Hybrid /I"C:\VTK\VTK-8.0.0\Imaging\Hybrid" /IC:\VTK\build\Interaction\Style /I"C:\VTK\VTK-8.0.0\Interaction\Style" /IC:\VTK\build\Interaction\Widgets /I"C:\VTK\VTK-8.0.0\Interaction\Widgets" /IC:\VTK\build\Imaging\Color /I"C:\VTK\VTK-8.0.0\Imaging\Color" /IC:\VTK\build\Rendering\Annotation /I"C:\VTK\VTK-8.0.0\Rendering\Annotation" /IC:\VTK\build\Rendering\Volume /I"C:\VTK\VTK-8.0.0\Rendering\Volume" /IC:\VTK\build\Views\Core /I"C:\VTK\VTK-8.0.0\Views\Core" /I"C:\VTK\VTK-8.0.0\ThirdParty\libproj4\vtklibproj4" /IC:\VTK\build\ThirdParty\libproj4\vtklibproj4 /IC:\VTK\build\ThirdParty\libproj4 /I"C:\VTK\VTK-8.0.0\ThirdParty\libproj4" /IC:\VTK\build\IO\AMR /I"C:\VTK\VTK-8.0.0\IO\AMR" /IC:\VTK\build\ThirdParty\hdf5\vtkhdf5 /I"C:\VTK\VTK-8.0.0\ThirdParty\hdf5\vtkhdf5\hl\src" /I"C:\VTK\VTK-8.0.0\ThirdParty\hdf5\vtkhdf5\src" /IC:\VTK\build\ThirdParty\hdf5 /I"C:\VTK\VTK-8.0.0\ThirdParty\hdf5" /IC:\VTK\build\IO\EnSight /I"C:\VTK\VTK-8.0.0\IO\EnSight" /IC:\VTK\build\IO\Exodus /I"C:\VTK\VTK-8.0.0\IO\Exodus" /IC:\VTK\build\ThirdParty\exodusII /I"C:\VTK\VTK-8.0.0\ThirdParty\exodusII" /I"C:\VTK\VTK-8.0.0\ThirdParty\netcdf\vtknetcdf\include" /IC:\VTK\build\ThirdParty\netcdf\vtknetcdf /IC:\VTK\build\ThirdParty\netcdf /I"C:\VTK\VTK-8.0.0\ThirdParty\netcdf" /IC:\VTK\build\IO\Export /I"C:\VTK\VTK-8.0.0\IO\Export" /IC:\VTK\build\Rendering\GL2PSOpenGL2 /I"C:\VTK\VTK-8.0.0\Rendering\GL2PSOpenGL2" /IC:\VTK\build\ThirdParty\gl2ps /I"C:\VTK\VTK-8.0.0\ThirdParty\gl2ps" /I"C:\VTK\VTK-8.0.0\ThirdParty\libharu\vtklibharu\include" /IC:\VTK\build\ThirdParty\libharu\vtklibharu\include /IC:\VTK\build\ThirdParty\libharu /I"C:\VTK\VTK-8.0.0\ThirdParty\libharu" /IC:\VTK\build\IO\ExportOpenGL2 /I"C:\VTK\VTK-8.0.0\IO\ExportOpenGL2" /IC:\VTK\build\IO\Geometry /I"C:\VTK\VTK-8.0.0\IO\Geometry" /IC:\VTK\build\IO\Import /I"C:\VTK\VTK-8.0.0\IO\Import" /IC:\VTK\build\IO\Infovis /I"C:\VTK\VTK-8.0.0\IO\Infovis" /IC:\VTK\build\ThirdParty\libxml2\vtklibxml2 /IC:\VTK\build\ThirdParty\libxml2 /I"C:\VTK\VTK-8.0.0\ThirdParty\libxml2" /IC:\VTK\build\IO\LSDyna /I"C:\VTK\VTK-8.0.0\IO\LSDyna" /IC:\VTK\build\IO\MINC /I"C:\VTK\VTK-8.0.0\IO\MINC" /IC:\VTK\build\IO\Movie /I"C:\VTK\VTK-8.0.0\IO\Movie" /IC:\VTK\build\ThirdParty\oggtheora /I"C:\VTK\VTK-8.0.0\ThirdParty\oggtheora" /IC:\VTK\build\IO\NetCDF /I"C:\VTK\VTK-8.0.0\IO\NetCDF" /IC:\VTK\build\ThirdParty\netcdfcpp /I"C:\VTK\VTK-8.0.0\ThirdParty\netcdfcpp" /IC:\VTK\build\IO\PLY /I"C:\VTK\VTK-8.0.0\IO\PLY" /IC:\VTK\build\IO\Parallel /I"C:\VTK\VTK-8.0.0\IO\Parallel" /IC:\VTK\build\ThirdParty\jsoncpp /I"C:\VTK\VTK-8.0.0\ThirdParty\jsoncpp" /IC:\VTK\build\IO\ParallelXML /I"C:\VTK\VTK-8.0.0\IO\ParallelXML" /IC:\VTK\build\IO\SQL /I"C:\VTK\VTK-8.0.0\IO\SQL" /IC:\VTK\build\ThirdParty\sqlite /I"C:\VTK\VTK-8.0.0\ThirdParty\sqlite" /IC:\VTK\build\IO\TecplotTable /I"C:\VTK\VTK-8.0.0\IO\TecplotTable" /IC:\VTK\build\IO\Video /I"C:\VTK\VTK-8.0.0\IO\Video" /IC:\VTK\build\Imaging\Math /I"C:\VTK\VTK-8.0.0\Imaging\Math" /IC:\VTK\build\Imaging\Morphological /I"C:\VTK\VTK-8.0.0\Imaging\Morphological" /IC:\VTK\build\Imaging\Statistics /I"C:\VTK\VTK-8.0.0\Imaging\Statistics" /IC:\VTK\build\Imaging\Stencil /I"C:\VTK\VTK-8.0.0\Imaging\Stencil" /IC:\VTK\build\Interaction\Image /I"C:\VTK\VTK-8.0.0\Interaction\Image" /IC:\VTK\build\Rendering\ContextOpenGL2 /I"C:\VTK\VTK-8.0.0\Rendering\ContextOpenGL2" /IC:\VTK\build\Rendering\Image /I"C:\VTK\VTK-8.0.0\Rendering\Image" /IC:\VTK\build\Rendering\LOD /I"C:\VTK\VTK-8.0.0\Rendering\LOD" /IC:\VTK\build\Rendering\Label /I"C:\VTK\VTK-8.0.0\Rendering\Label" /IC:\VTK\build\Rendering\VolumeOpenGL2 /I"C:\VTK\VTK-8.0.0\Rendering\VolumeOpenGL2" /IC:\VTK\build\Views\Context2D /I"C:\VTK\VTK-8.0.0\Views\Context2D" /IC:\VTK\build\Views\Infovis /I"C:\VTK\VTK-8.0.0\Views\Infovis" /I"C:\Program Files\PCL 1.8.1\include\pcl-1.8" /I"C:\Program Files\Eigen" /I"C:\Program Files\boost\boost_1_64_0" /I"C:\Program Files\OpenNI2\Include" /I"C:\Program Files\flann\include" /IH:\UsingPCL\build\soil\install\include /IH:\UsingPCL\src /IH:\UsingPCL\src\glad\include /IC:\VTK\build\ThirdParty\hdf5\vtkhdf5\hl\src /IC:\VTK\build\ThirdParty\hdf5\vtkhdf5\src /IC:\VTK\build\ThirdParty\netcdfcpp\vtknetcdfcpp /Zi /W3 /WX- /diagnostics:classic /Od /Ob0 /D WIN32 /D _WINDOWS /D __SSSE3__ /D __SSE2__ /D __SSE__ /D INC_OLE2 /D "vtkDomainsChemistry_AUTOINIT=1(vtkDomainsChemistryOpenGL2)" /D "vtkIOExport_AUTOINIT=1(vtkIOExportOpenGL2)" /D "vtkRenderingContext2D_AUTOINIT=1(vtkRenderingContextOpenGL2)" /D "vtkRenderingCore_INCLUDE=\"H:/UsingPCL/build/CMakeFiles/vtkRenderingCore_AUTOINIT_vtkInteractionStyle_vtkRenderingFreeType_vtkRenderingOpenGL2.h\"" /D "vtkRenderingOpenGL2_AUTOINIT=1(vtkRenderingGL2PSOpenGL2)" /D "vtkRenderingVolume_AUTOINIT=1(vtkRenderingVolumeOpenGL2)" /D BOOST_ALL_NO_LIB /D DISABLE_OPENNI /D DISABLE_ENSENSO /D DISABLE_DAVIDSDK /D DISABLE_DSSDK /D DISABLE_RSSDK /D DISABLE_PCAP /D DISABLE_PNG /D FLANN_STATIC /D DISABLE_QHULL /D _CRT_SECURE_NO_WARNINGS /D "CMAKE_INTDIR=\"Debug\"" /D _MBCS /Gm- /EHsc /RTC1 /MDd /GS /fp:precise /Zc:wchar_t /Zc:forScope /Zc:inline /GR /Fo"KinectTracking.dir\Debug\\" /Fd"KinectTracking.dir\Debug\vc141.pdb" /Gd /TP /errorReport:prompt H:\UsingPCL\src\main.cpp
  
  main.cpp
C:\Program Files (x86)\Microsoft Visual Studio\2017\Community\VC\Tools\MSVC\14.10.25017\include\memory(53): warning C4996: 'std::uninitialized_copy::_Unchecked_iterators::_Deprecate': Call to 'std::uninitialized_copy' with parameters that may be unsafe - this call relies on the caller to check that the passed values are correct. To disable this warning, use -D_SCL_SECURE_NO_WARNINGS. See documentation on how to use Visual C++ 'Checked Iterators'
  C:\Program Files (x86)\Microsoft Visual Studio\2017\Community\VC\Tools\MSVC\14.10.25017\include\memory(53): note: see declaration of 'std::uninitialized_copy::_Unchecked_iterators::_Deprecate'
  C:\Program Files\boost\boost_1_64_0\boost/signals2/detail/auto_buffer.hpp(191): note: see reference to function template instantiation '_FwdIt *std::uninitialized_copy<I,boost::variant<boost::shared_ptr<void>,boost::signals2::detail::foreign_void_shared_ptr>*>(_InIt,_InIt,_FwdIt)' being compiled
          with
          [
              _FwdIt=boost::variant<boost::shared_ptr<void>,boost::signals2::detail::foreign_void_shared_ptr> *,
              I=boost::variant<boost::shared_ptr<void>,boost::signals2::detail::foreign_void_shared_ptr> *,
              _InIt=boost::variant<boost::shared_ptr<void>,boost::signals2::detail::foreign_void_shared_ptr> *
          ]
  C:\Program Files\boost\boost_1_64_0\boost/signals2/detail/auto_buffer.hpp(178): note: see reference to function template instantiation 'void boost::signals2::detail::auto_buffer<boost::signals2::detail::void_shared_ptr_variant,boost::signals2::detail::store_n_objects<10>,boost::signals2::detail::default_grow_policy,std::allocator<_Ty>>::copy_rai<I,false>(I,I,boost::variant<boost::shared_ptr<void>,boost::signals2::detail::foreign_void_shared_ptr> *,const boost::integral_constant<bool,false> &)' being compiled
          with
          [
              _Ty=boost::signals2::detail::void_shared_ptr_variant,
              I=boost::variant<boost::shared_ptr<void>,boost::signals2::detail::foreign_void_shared_ptr> *
          ]
  C:\Program Files\boost\boost_1_64_0\boost/signals2/detail/auto_buffer.hpp(178): note: see reference to function template instantiation 'void boost::signals2::detail::auto_buffer<boost::signals2::detail::void_shared_ptr_variant,boost::signals2::detail::store_n_objects<10>,boost::signals2::detail::default_grow_policy,std::allocator<_Ty>>::copy_rai<I,false>(I,I,boost::variant<boost::shared_ptr<void>,boost::signals2::detail::foreign_void_shared_ptr> *,const boost::integral_constant<bool,false> &)' being compiled
          with
          [
              _Ty=boost::signals2::detail::void_shared_ptr_variant,
              I=boost::variant<boost::shared_ptr<void>,boost::signals2::detail::foreign_void_shared_ptr> *
          ]
  C:\Program Files\boost\boost_1_64_0\boost/signals2/detail/auto_buffer.hpp(204): note: see reference to function template instantiation 'void boost::signals2::detail::auto_buffer<boost::signals2::detail::void_shared_ptr_variant,boost::signals2::detail::store_n_objects<10>,boost::signals2::detail::default_grow_policy,std::allocator<_Ty>>::copy_impl<I>(I,I,boost::variant<boost::shared_ptr<void>,boost::signals2::detail::foreign_void_shared_ptr> *,std::random_access_iterator_tag)' being compiled
          with
          [
              _Ty=boost::signals2::detail::void_shared_ptr_variant,
              I=boost::variant<boost::shared_ptr<void>,boost::signals2::detail::foreign_void_shared_ptr> *
          ]
  C:\Program Files\boost\boost_1_64_0\boost/signals2/detail/auto_buffer.hpp(203): note: see reference to function template instantiation 'void boost::signals2::detail::auto_buffer<boost::signals2::detail::void_shared_ptr_variant,boost::signals2::detail::store_n_objects<10>,boost::signals2::detail::default_grow_policy,std::allocator<_Ty>>::copy_impl<I>(I,I,boost::variant<boost::shared_ptr<void>,boost::signals2::detail::foreign_void_shared_ptr> *,std::random_access_iterator_tag)' being compiled
          with
          [
              _Ty=boost::signals2::detail::void_shared_ptr_variant,
              I=boost::variant<boost::shared_ptr<void>,boost::signals2::detail::foreign_void_shared_ptr> *
          ]
  C:\Program Files\boost\boost_1_64_0\boost/signals2/detail/auto_buffer.hpp(288): note: see reference to function template instantiation 'void boost::signals2::detail::auto_buffer<boost::signals2::detail::void_shared_ptr_variant,boost::signals2::detail::store_n_objects<10>,boost::signals2::detail::default_grow_policy,std::allocator<_Ty>>::copy_impl<boost::variant<boost::shared_ptr<void>,boost::signals2::detail::foreign_void_shared_ptr>*>(I,I,boost::variant<boost::shared_ptr<void>,boost::signals2::detail::foreign_void_shared_ptr> *)' being compiled
          with
          [
              _Ty=boost::signals2::detail::void_shared_ptr_variant,
              I=boost::variant<boost::shared_ptr<void>,boost::signals2::detail::foreign_void_shared_ptr> *
          ]
  C:\Program Files\boost\boost_1_64_0\boost/signals2/detail/auto_buffer.hpp(288): note: see reference to function template instantiation 'void boost::signals2::detail::auto_buffer<boost::signals2::detail::void_shared_ptr_variant,boost::signals2::detail::store_n_objects<10>,boost::signals2::detail::default_grow_policy,std::allocator<_Ty>>::copy_impl<boost::variant<boost::shared_ptr<void>,boost::signals2::detail::foreign_void_shared_ptr>*>(I,I,boost::variant<boost::shared_ptr<void>,boost::signals2::detail::foreign_void_shared_ptr> *)' being compiled
          with
          [
              _Ty=boost::signals2::detail::void_shared_ptr_variant,
              I=boost::variant<boost::shared_ptr<void>,boost::signals2::detail::foreign_void_shared_ptr> *
          ]
  C:\Program Files\boost\boost_1_64_0\boost/signals2/detail/auto_buffer.hpp(281): note: while compiling class template member function 'boost::variant<boost::shared_ptr<void>,boost::signals2::detail::foreign_void_shared_ptr> *boost::signals2::detail::auto_buffer<boost::signals2::detail::void_shared_ptr_variant,boost::signals2::detail::store_n_objects<10>,boost::signals2::detail::default_grow_policy,std::allocator<_Ty>>::move_to_new_buffer(unsigned __int64,const boost::false_type &)'
          with
          [
              _Ty=boost::signals2::detail::void_shared_ptr_variant
          ]
  C:\Program Files\boost\boost_1_64_0\boost/signals2/detail/auto_buffer.hpp(302): note: see reference to function template instantiation 'boost::variant<boost::shared_ptr<void>,boost::signals2::detail::foreign_void_shared_ptr> *boost::signals2::detail::auto_buffer<boost::signals2::detail::void_shared_ptr_variant,boost::signals2::detail::store_n_objects<10>,boost::signals2::detail::default_grow_policy,std::allocator<_Ty>>::move_to_new_buffer(unsigned __int64,const boost::false_type &)' being compiled
          with
          [
              _Ty=boost::signals2::detail::void_shared_ptr_variant
          ]
  C:\Program Files\boost\boost_1_64_0\boost/signals2/detail/slot_call_iterator.hpp(65): note: see reference to class template instantiation 'boost::signals2::detail::auto_buffer<boost::signals2::detail::void_shared_ptr_variant,boost::signals2::detail::store_n_objects<10>,boost::signals2::detail::default_grow_policy,std::allocator<_Ty>>' being compiled
          with
          [
              _Ty=boost::signals2::detail::void_shared_ptr_variant
          ]
  C:\Program Files\boost\boost_1_64_0\boost/signals2/detail/slot_call_iterator.hpp(70): note: see reference to class template instantiation 'boost::signals2::detail::slot_call_iterator_cache<ResultType,Function>' being compiled
  C:\Program Files\boost\boost_1_64_0\boost/bind/placeholders.hpp(54): note: see reference to class template instantiation 'boost::arg<9>' being compiled
  C:\Program Files\boost\boost_1_64_0\boost/bind/placeholders.hpp(53): note: see reference to class template instantiation 'boost::arg<8>' being compiled
  C:\Program Files\boost\boost_1_64_0\boost/bind/placeholders.hpp(52): note: see reference to class template instantiation 'boost::arg<7>' being compiled
  C:\Program Files\boost\boost_1_64_0\boost/bind/placeholders.hpp(51): note: see reference to class template instantiation 'boost::arg<6>' being compiled
  C:\Program Files\boost\boost_1_64_0\boost/bind/placeholders.hpp(50): note: see reference to class template instantiation 'boost::arg<5>' being compiled
  C:\Program Files\boost\boost_1_64_0\boost/bind/placeholders.hpp(49): note: see reference to class template instantiation 'boost::arg<4>' being compiled
  C:\Program Files\boost\boost_1_64_0\boost/bind/placeholders.hpp(48): note: see reference to class template instantiation 'boost::arg<3>' being compiled
  C:\Program Files\boost\boost_1_64_0\boost/bind/placeholders.hpp(47): note: see reference to class template instantiation 'boost::arg<2>' being compiled
  C:\Program Files\boost\boost_1_64_0\boost/bind/placeholders.hpp(46): note: see reference to class template instantiation 'boost::arg<1>' being compiled
     Creating library H:/UsingPCL/build/Debug/KinectTracking.lib and object H:/UsingPCL/build/Debug/KinectTracking.exp
LINK : warning LNK4098: defaultlib 'LIBCMTD' conflicts with use of other libs; use /NODEFAULTLIB:library
  KinectTracking.vcxproj -> H:\UsingPCL\build\Debug\KinectTracking.exe
